time="2021-12-24T13:44:22+03:00" level=info msg="Application was started" func="main.go:21" file="main.main()"
time="2021-12-24T14:11:06+03:00" level=info msg="Application was started" func="main.go:21" file="main.main()"
time="2021-12-24T14:28:28+03:00" level=info msg="\nget query load all" func="routes.go:67" file="store_server/internal/controller/routes.(*controller).LoadAll()"
time="2021-12-24T14:28:28+03:00" level=warning msg="there are not routes in database" func="routes.go:69" file="store_server/internal/controller/routes.(*controller).LoadAll()"
time="2021-12-24T14:31:07+03:00" level=info msg="Application was started" func="main.go:21" file="main.main()"
time="2021-12-24T14:33:00+03:00" level=info msg="Application was started" func="main.go:21" file="main.main()"
time="2021-12-24T14:33:03+03:00" level=info msg="get request to load passport with id: 1" func="passport.go:58" file="store_server/internal/controller/passport.(*controller).LoadPassport()"
time="2021-12-24T14:33:03+03:00" level=warning msg="there are not passport with id 1 in database" func="passport.go:62" file="store_server/internal/controller/passport.(*controller).LoadPassport()"
time="2021-12-24T14:38:49+03:00" level=info msg="Application was started" func="main.go:21" file="main.main()"
time="2021-12-24T14:39:03+03:00" level=info msg="get request to load passport with id: 1" func="passport.go:60" file="store_server/internal/controller/passport.(*controller).LoadPassport()"
time="2021-12-24T14:39:03+03:00" level=warning msg="there are not passport with id 1 in database" func="passport.go:64" file="store_server/internal/controller/passport.(*controller).LoadPassport()"
time="2021-12-24T16:30:07+03:00" level=info msg="Application was started" func="main.go:21" file="main.main()"
time="2021-12-24T16:30:42+03:00" level=info msg="Application was started" func="main.go:21" file="main.main()"
time="2021-12-24T16:31:35+03:00" level=info msg="Application was started" func="main.go:21" file="main.main()"
time="2021-12-24T16:38:30+03:00" level=info msg="get request to save passport" func="passport.go:41" file="store_server/internal/controller/passport.(*controller).SavePassport()"
time="2021-12-24T16:38:30+03:00" level=info msg="return statusOk" func="passport.go:57" file="store_server/internal/controller/passport.(*controller).SavePassport()"
time="2021-12-24T16:39:28+03:00" level=info msg="get request to get towers of passport with id 1" func="passport.go:77" file="store_server/internal/controller/passport.(*controller).PassportTowers()"
time="2021-12-24T16:39:28+03:00" level=info msg="return status 200" func="passport.go:88" file="store_server/internal/controller/passport.(*controller).PassportTowers()"
time="2021-12-24T16:42:01+03:00" level=info msg="get request to find tower by coordinate" func="passport.go:93" file="store_server/internal/controller/passport.(*controller).FindTowerByIdAndCoordinate()"
time="2021-12-24T16:42:35+03:00" level=info msg="Application was started" func="main.go:21" file="main.main()"
time="2021-12-24T16:42:44+03:00" level=info msg="get request to save passport" func="passport.go:41" file="store_server/internal/controller/passport.(*controller).SavePassport()"
time="2021-12-24T16:42:44+03:00" level=info msg="return statusOk" func="passport.go:57" file="store_server/internal/controller/passport.(*controller).SavePassport()"
time="2021-12-24T16:43:52+03:00" level=info msg="get request to find tower by coordinate" func="passport.go:93" file="store_server/internal/controller/passport.(*controller).FindTowerByIdAndCoordinate()"
time="2021-12-24T16:46:43+03:00" level=info msg="Application was started" func="main.go:21" file="main.main()"
time="2021-12-24T16:46:53+03:00" level=info msg="get request to find tower by coordinate" func="passport.go:93" file="store_server/internal/controller/passport.(*controller).FindTowerByIdAndCoordinate()"
time="2021-12-24T16:47:27+03:00" level=info msg="Application was started" func="main.go:21" file="main.main()"
time="2021-12-24T16:47:29+03:00" level=info msg="get request to find tower by coordinate" func="passport.go:93" file="store_server/internal/controller/passport.(*controller).FindTowerByIdAndCoordinate()"
time="2021-12-24T16:47:49+03:00" level=info msg="Application was started" func="main.go:21" file="main.main()"
time="2021-12-24T16:47:53+03:00" level=info msg="get request to save passport" func="passport.go:41" file="store_server/internal/controller/passport.(*controller).SavePassport()"
time="2021-12-24T16:47:53+03:00" level=info msg="return statusOk" func="passport.go:57" file="store_server/internal/controller/passport.(*controller).SavePassport()"
time="2021-12-24T16:51:49+03:00" level=info msg="get request to find tower by coordinate" func="passport.go:93" file="store_server/internal/controller/passport.(*controller).FindTowerByIdAndCoordinate()"
time="2021-12-24T16:53:51+03:00" level=info msg="Application was started" func="main.go:21" file="main.main()"
time="2021-12-24T16:53:55+03:00" level=info msg="get request to save passport" func="passport.go:41" file="store_server/internal/controller/passport.(*controller).SavePassport()"
time="2021-12-24T16:53:55+03:00" level=info msg="return statusOk" func="passport.go:57" file="store_server/internal/controller/passport.(*controller).SavePassport()"
time="2021-12-24T16:54:00+03:00" level=info msg="get request to find tower by coordinate" func="passport.go:93" file="store_server/internal/controller/passport.(*controller).FindTowerByIdAndCoordinate()"
time="2021-12-24T16:54:11+03:00" level=info msg="Application was started" func="main.go:21" file="main.main()"
time="2021-12-24T16:54:14+03:00" level=info msg="get request to save passport" func="passport.go:41" file="store_server/internal/controller/passport.(*controller).SavePassport()"
time="2021-12-24T16:54:14+03:00" level=info msg="return statusOk" func="passport.go:57" file="store_server/internal/controller/passport.(*controller).SavePassport()"
time="2021-12-24T16:54:17+03:00" level=info msg="get request to find tower by coordinate" func="passport.go:93" file="store_server/internal/controller/passport.(*controller).FindTowerByIdAndCoordinate()"
time="2021-12-24T16:55:15+03:00" level=info msg="Application was started" func="main.go:21" file="main.main()"
time="2021-12-24T16:55:18+03:00" level=info msg="get request to save passport" func="passport.go:41" file="store_server/internal/controller/passport.(*controller).SavePassport()"
time="2021-12-24T16:55:18+03:00" level=info msg="return statusOk" func="passport.go:57" file="store_server/internal/controller/passport.(*controller).SavePassport()"
time="2021-12-24T16:55:27+03:00" level=info msg="get request to find tower by coordinate" func="passport.go:93" file="store_server/internal/controller/passport.(*controller).FindTowerByIdAndCoordinate()"
time="2021-12-24T16:55:27+03:00" level=info msg="return status 200" func="passport.go:130" file="store_server/internal/controller/passport.(*controller).FindTowerByIdAndCoordinate()"
time="2021-12-24T16:57:38+03:00" level=info msg="Application was started" func="main.go:21" file="main.main()"
time="2021-12-24T16:57:50+03:00" level=info msg="get request to save passport" func="passport.go:41" file="store_server/internal/controller/passport.(*controller).SavePassport()"
time="2021-12-24T16:57:50+03:00" level=info msg="return statusOk" func="passport.go:57" file="store_server/internal/controller/passport.(*controller).SavePassport()"
time="2021-12-24T17:06:44+03:00" level=info msg="get request to find tower by coordinate" func="passport.go:93" file="store_server/internal/controller/passport.(*controller).FindTowerByIdAndCoordinate()"
time="2021-12-24T17:08:09+03:00" level=info msg="Application was started" func="main.go:21" file="main.main()"
time="2021-12-24T17:08:16+03:00" level=info msg="get request to save passport" func="passport.go:41" file="store_server/internal/controller/passport.(*controller).SavePassport()"
time="2021-12-24T17:08:16+03:00" level=info msg="return statusOk" func="passport.go:57" file="store_server/internal/controller/passport.(*controller).SavePassport()"
time="2021-12-24T17:08:20+03:00" level=info msg="get request to find tower by coordinate" func="passport.go:93" file="store_server/internal/controller/passport.(*controller).FindTowerByIdAndCoordinate()"
time="2021-12-24T17:08:20+03:00" level=info msg="return status 200" func="passport.go:130" file="store_server/internal/controller/passport.(*controller).FindTowerByIdAndCoordinate()"
time="2021-12-24T17:08:30+03:00" level=info msg="get request to find tower by coordinate" func="passport.go:93" file="store_server/internal/controller/passport.(*controller).FindTowerByIdAndCoordinate()"
time="2021-12-24T17:08:30+03:00" level=error msg="strconv.ParseFloat: parsing \"tre\": invalid syntax" func="passport.go:117" file="store_server/internal/controller/passport.(*controller).FindTowerByIdAndCoordinate()"
time="2021-12-24T17:08:36+03:00" level=info msg="get request to find tower by coordinate" func="passport.go:93" file="store_server/internal/controller/passport.(*controller).FindTowerByIdAndCoordinate()"
time="2021-12-24T17:08:36+03:00" level=info msg="user did not type latitude parameter" func="passport.go:110" file="store_server/internal/controller/passport.(*controller).FindTowerByIdAndCoordinate()"
time="2021-12-24T17:08:47+03:00" level=info msg="get request to find tower by coordinate" func="passport.go:93" file="store_server/internal/controller/passport.(*controller).FindTowerByIdAndCoordinate()"
time="2021-12-24T17:08:47+03:00" level=warning msg="user did not type longitude parameter" func="passport.go:96" file="store_server/internal/controller/passport.(*controller).FindTowerByIdAndCoordinate()"
time="2021-12-29T11:51:04+03:00" level=info msg="Application was started" func="main.go:21" file="main.main()"
time="2021-12-29T11:52:10+03:00" level=info msg="Application was started" func="main.go:21" file="main.main()"
time="2021-12-29T17:53:09+03:00" level=info msg="Application was started" func="main.go:21" file="main.main()"
time="2022-01-10T14:15:32+03:00" level=info msg="Application was started" func="main.go:21" file="main.main()"
time="2022-01-10T14:18:33+03:00" level=info msg="Application was started" func="main.go:21" file="main.main()"
time="2022-01-10T14:22:24+03:00" level=info msg="get request to save passport" func="passport.go:45" file="store_server/internal/controller/passport.(*controller).savePassport()"
time="2022-01-10T14:26:00+03:00" level=info msg="Application was started" func="main.go:21" file="main.main()"
time="2022-01-10T14:26:19+03:00" level=info msg="Application was started" func="main.go:21" file="main.main()"
time="2022-01-10T14:26:23+03:00" level=info msg="get request to save passport" func="passport.go:45" file="store_server/internal/controller/passport.(*controller).savePassport()"
time="2022-01-10T14:28:18+03:00" level=info msg="get request to save passport" func="passport.go:45" file="store_server/internal/controller/passport.(*controller).savePassport()"
time="2022-01-10T14:29:32+03:00" level=info msg="Application was started" func="main.go:21" file="main.main()"
time="2022-01-10T14:29:34+03:00" level=info msg="get request to save passport" func="passport.go:45" file="store_server/internal/controller/passport.(*controller).savePassport()"
time="2022-01-10T14:30:29+03:00" level=info msg="Application was started" func="main.go:21" file="main.main()"
time="2022-01-10T14:30:31+03:00" level=info msg="get request to save passport" func="passport.go:45" file="store_server/internal/controller/passport.(*controller).savePassport()"
time="2022-01-10T14:31:11+03:00" level=info msg="Application was started" func="main.go:21" file="main.main()"
time="2022-01-10T14:31:14+03:00" level=info msg="get request to save passport" func="passport.go:45" file="store_server/internal/controller/passport.(*controller).savePassport()"
time="2022-01-10T14:31:23+03:00" level=info msg="Application was started" func="main.go:21" file="main.main()"
time="2022-01-10T14:31:26+03:00" level=info msg="get request to save passport" func="passport.go:45" file="store_server/internal/controller/passport.(*controller).savePassport()"
time="2022-01-10T14:32:48+03:00" level=info msg="get request to save passport" func="passport.go:45" file="store_server/internal/controller/passport.(*controller).savePassport()"
time="2022-01-10T14:46:53+03:00" level=info msg="Application was started" func="main.go:21" file="main.main()"
time="2022-01-10T14:46:58+03:00" level=info msg="get request to save passport" func="passport.go:45" file="store_server/internal/controller/passport.(*controller).savePassport()"
time="2022-01-10T14:46:58+03:00" level=info msg="return statusOk" func="passport.go:61" file="store_server/internal/controller/passport.(*controller).savePassport()"
time="2022-01-10T14:47:29+03:00" level=info msg="get request to save passport" func="passport.go:45" file="store_server/internal/controller/passport.(*controller).savePassport()"
time="2022-01-10T14:47:29+03:00" level=info msg="return statusOk" func="passport.go:61" file="store_server/internal/controller/passport.(*controller).savePassport()"
time="2022-01-10T14:53:55+03:00" level=info msg="get request to load passport with id: 1" func="passport.go:66" file="store_server/internal/controller/passport.(*controller).loadPassport()"
time="2022-01-10T14:53:55+03:00" level=warning msg="there are not passport with id 1 in database" func="passport.go:70" file="store_server/internal/controller/passport.(*controller).loadPassport()"
time="2022-01-10T14:56:10+03:00" level=info msg="Application was started" func="main.go:21" file="main.main()"
time="2022-01-10T14:58:27+03:00" level=info msg="get request to load passport with id: 1" func="passport.go:66" file="store_server/internal/controller/passport.(*controller).loadPassport()"
time="2022-01-10T15:03:32+03:00" level=info msg="Application was started" func="main.go:21" file="main.main()"
time="2022-01-10T15:03:40+03:00" level=info msg="get request to save passport" func="passport.go:45" file="store_server/internal/controller/passport.(*controller).savePassport()"
time="2022-01-10T15:03:54+03:00" level=error msg="write exception: write errors: [E11000 duplicate key error collection: passport.passports index: _id_ dup key: { _id: \"2\" }]" func="repository.go:64" file="store_server/internal/storage/mongorepo/passport.(*passportRepositoryImpl).Create()"
time="2022-01-10T15:07:01+03:00" level=info msg="Application was started" func="main.go:21" file="main.main()"
time="2022-01-10T15:07:04+03:00" level=info msg="get request to save passport" func="passport.go:45" file="store_server/internal/controller/passport.(*controller).savePassport()"
time="2022-01-10T15:07:07+03:00" level=error msg="write exception: write errors: [E11000 duplicate key error collection: passport.passports index: _id_ dup key: { _id: \"2\" }]" func="repository.go:65" file="store_server/internal/storage/mongorepo/passport.(*passportRepositoryImpl).Create()"
time="2022-01-10T15:07:36+03:00" level=info msg="Application was started" func="main.go:21" file="main.main()"
time="2022-01-10T15:07:39+03:00" level=info msg="get request to save passport" func="passport.go:45" file="store_server/internal/controller/passport.(*controller).savePassport()"
time="2022-01-10T15:07:39+03:00" level=info msg="return statusOk" func="passport.go:61" file="store_server/internal/controller/passport.(*controller).savePassport()"
time="2022-01-10T15:12:43+03:00" level=info msg="Application was started" func="main.go:21" file="main.main()"
time="2022-01-10T15:12:50+03:00" level=info msg="get request to load passport with id: 1" func="passport.go:66" file="store_server/internal/controller/passport.(*controller).loadPassport()"
time="2022-01-10T15:13:19+03:00" level=info msg="get request to load passport with id: 1" func="passport.go:66" file="store_server/internal/controller/passport.(*controller).loadPassport()"
time="2022-01-10T15:13:30+03:00" level=info msg="Application was started" func="main.go:21" file="main.main()"
time="2022-01-10T15:13:36+03:00" level=info msg="get request to load passport with id: 1" func="passport.go:66" file="store_server/internal/controller/passport.(*controller).loadPassport()"
time="2022-01-10T15:14:36+03:00" level=info msg="Application was started" func="main.go:21" file="main.main()"
time="2022-01-10T15:14:47+03:00" level=info msg="get request to load passport with id: 1" func="passport.go:66" file="store_server/internal/controller/passport.(*controller).loadPassport()"
time="2022-01-10T15:16:48+03:00" level=info msg="Application was started" func="main.go:21" file="main.main()"
time="2022-01-10T15:16:51+03:00" level=info msg="get request to load passport with id: 1" func="passport.go:66" file="store_server/internal/controller/passport.(*controller).loadPassport()"
time="2022-01-10T15:16:54+03:00" level=info msg="return status 200" func="passport.go:76" file="store_server/internal/controller/passport.(*controller).loadPassport()"
time="2022-01-10T16:11:16+03:00" level=info msg="Application was started" func="main.go:21" file="main.main()"
time="2022-01-10T16:11:49+03:00" level=info msg="get request to load passport with id: 1" func="passport.go:66" file="store_server/internal/controller/passport.(*controller).loadPassport()"
time="2022-01-10T16:11:54+03:00" level=info msg="return status 200" func="passport.go:76" file="store_server/internal/controller/passport.(*controller).loadPassport()"
time="2022-01-10T16:12:13+03:00" level=info msg="get request to get towers of passport with id 1" func="passport.go:81" file="store_server/internal/controller/passport.(*controller).passportTowers()"
time="2022-01-10T16:12:13+03:00" level=info msg="return status 200" func="passport.go:92" file="store_server/internal/controller/passport.(*controller).passportTowers()"
time="2022-01-11T13:47:47+03:00" level=info msg="Application was started" func="main.go:21" file="main.main()"
time="2022-01-11T14:46:06+03:00" level=info msg="Application was started" func="main.go:21" file="main.main()"
time="2022-01-11T14:46:57+03:00" level=info msg="get request to save passport" func="passport.go:45" file="store_server/internal/controller/passport.(*controller).savePassport()"
time="2022-01-11T14:46:57+03:00" level=info msg="return statusOk" func="passport.go:61" file="store_server/internal/controller/passport.(*controller).savePassport()"
time="2022-01-11T14:47:02+03:00" level=info msg="get request to save passport" func="passport.go:45" file="store_server/internal/controller/passport.(*controller).savePassport()"
time="2022-01-11T14:47:02+03:00" level=info msg="return statusOk" func="passport.go:61" file="store_server/internal/controller/passport.(*controller).savePassport()"
time="2022-01-11T14:47:11+03:00" level=info msg="get request to save passport" func="passport.go:45" file="store_server/internal/controller/passport.(*controller).savePassport()"
time="2022-01-11T14:47:11+03:00" level=info msg="return statusOk" func="passport.go:61" file="store_server/internal/controller/passport.(*controller).savePassport()"
time="2022-01-11T14:47:24+03:00" level=info msg="get request to save passport" func="passport.go:45" file="store_server/internal/controller/passport.(*controller).savePassport()"
time="2022-01-11T14:47:24+03:00" level=info msg="return statusOk" func="passport.go:61" file="store_server/internal/controller/passport.(*controller).savePassport()"
time="2022-01-11T14:47:29+03:00" level=info msg="get request to save passport" func="passport.go:45" file="store_server/internal/controller/passport.(*controller).savePassport()"
time="2022-01-11T14:47:29+03:00" level=info msg="return statusOk" func="passport.go:61" file="store_server/internal/controller/passport.(*controller).savePassport()"
time="2022-01-11T14:47:37+03:00" level=info msg="get request to save passport" func="passport.go:45" file="store_server/internal/controller/passport.(*controller).savePassport()"
time="2022-01-11T14:47:37+03:00" level=info msg="return statusOk" func="passport.go:61" file="store_server/internal/controller/passport.(*controller).savePassport()"
time="2022-01-11T14:47:56+03:00" level=info msg="get request to load passport with id: 4" func="passport.go:66" file="store_server/internal/controller/passport.(*controller).loadPassport()"
time="2022-01-11T14:47:56+03:00" level=info msg="return status 200" func="passport.go:76" file="store_server/internal/controller/passport.(*controller).loadPassport()"
time="2022-01-11T14:48:05+03:00" level=info msg="get request to load passport with id: 5" func="passport.go:66" file="store_server/internal/controller/passport.(*controller).loadPassport()"
time="2022-01-11T14:48:05+03:00" level=warning msg="there are not passport with id 5 in database" func="passport.go:70" file="store_server/internal/controller/passport.(*controller).loadPassport()"
time="2022-01-11T14:48:11+03:00" level=info msg="get request to load passport with id: 2" func="passport.go:66" file="store_server/internal/controller/passport.(*controller).loadPassport()"
time="2022-01-11T14:48:11+03:00" level=info msg="return status 200" func="passport.go:76" file="store_server/internal/controller/passport.(*controller).loadPassport()"
time="2022-01-11T14:48:59+03:00" level=info msg="get query to save route" func="routes.go:32" file="store_server/internal/controller/routes.(*controller).Save()"
time="2022-01-11T14:48:59+03:00" level=info msg="return statusOk" func="routes.go:47" file="store_server/internal/controller/routes.(*controller).Save()"
time="2022-01-11T14:49:23+03:00" level=info msg="get query load all" func="routes.go:67" file="store_server/internal/controller/routes.(*controller).LoadAll()"
time="2022-01-11T14:49:23+03:00" level=info msg="return statusOk" func="routes.go:75" file="store_server/internal/controller/routes.(*controller).LoadAll()"
time="2022-01-13T14:21:49+03:00" level=info msg="Application was started" func="main.go:21" file="main.main()"
time="2022-01-13T14:22:16+03:00" level=info msg="get request to save passport" func="passport.go:45" file="store_server/internal/controller/passport.(*controller).savePassport()"
time="2022-01-13T14:22:16+03:00" level=info msg="return statusOk" func="passport.go:61" file="store_server/internal/controller/passport.(*controller).savePassport()"
time="2022-01-13T14:22:32+03:00" level=info msg="get request to save passport" func="passport.go:45" file="store_server/internal/controller/passport.(*controller).savePassport()"
time="2022-01-13T14:22:32+03:00" level=info msg="return statusOk" func="passport.go:61" file="store_server/internal/controller/passport.(*controller).savePassport()"
time="2022-01-13T14:22:35+03:00" level=info msg="get request to save passport" func="passport.go:45" file="store_server/internal/controller/passport.(*controller).savePassport()"
time="2022-01-13T14:22:35+03:00" level=info msg="return statusOk" func="passport.go:61" file="store_server/internal/controller/passport.(*controller).savePassport()"
time="2022-01-13T14:22:41+03:00" level=info msg="get request to save passport" func="passport.go:45" file="store_server/internal/controller/passport.(*controller).savePassport()"
time="2022-01-13T14:22:41+03:00" level=info msg="return statusOk" func="passport.go:61" file="store_server/internal/controller/passport.(*controller).savePassport()"
time="2022-01-13T14:22:44+03:00" level=info msg="get request to save passport" func="passport.go:45" file="store_server/internal/controller/passport.(*controller).savePassport()"
time="2022-01-13T14:22:45+03:00" level=info msg="return statusOk" func="passport.go:61" file="store_server/internal/controller/passport.(*controller).savePassport()"
time="2022-01-13T14:22:50+03:00" level=info msg="get request to save passport" func="passport.go:45" file="store_server/internal/controller/passport.(*controller).savePassport()"
time="2022-01-13T14:22:50+03:00" level=info msg="return statusOk" func="passport.go:61" file="store_server/internal/controller/passport.(*controller).savePassport()"
time="2022-01-13T14:22:56+03:00" level=info msg="get request to save passport" func="passport.go:45" file="store_server/internal/controller/passport.(*controller).savePassport()"
time="2022-01-13T14:22:56+03:00" level=info msg="return statusOk" func="passport.go:61" file="store_server/internal/controller/passport.(*controller).savePassport()"
time="2022-01-13T14:23:00+03:00" level=info msg="get request to save passport" func="passport.go:45" file="store_server/internal/controller/passport.(*controller).savePassport()"
time="2022-01-13T14:23:00+03:00" level=info msg="return statusOk" func="passport.go:61" file="store_server/internal/controller/passport.(*controller).savePassport()"
time="2022-01-13T14:23:14+03:00" level=info msg="get query to save route" func="routes.go:32" file="store_server/internal/controller/routes.(*controller).Save()"
time="2022-01-13T14:23:14+03:00" level=info msg="return statusOk" func="routes.go:47" file="store_server/internal/controller/routes.(*controller).Save()"
time="2022-01-13T14:25:31+03:00" level=info msg="\nget query load passports by route with id 1356" func="routes.go:80" file="store_server/internal/controller/routes.(*controller).GetPassportsByRoute()"
time="2022-01-13T14:25:31+03:00" level=info msg="return statusOk" func="routes.go:90" file="store_server/internal/controller/routes.(*controller).GetPassportsByRoute()"
time="2022-01-13T14:43:07+03:00" level=info msg="Application was started" func="main.go:21" file="main.main()"
time="2022-01-13T14:43:14+03:00" level=info msg="get request to save passport" func="passport.go:45" file="store_server/internal/controller/passport.(*controller).savePassport()"
time="2022-01-13T14:43:14+03:00" level=info msg="return statusOk" func="passport.go:61" file="store_server/internal/controller/passport.(*controller).savePassport()"
time="2022-01-13T14:44:40+03:00" level=info msg="Application was started" func="main.go:21" file="main.main()"
time="2022-01-13T14:44:42+03:00" level=info msg="get request to save passport" func="passport.go:45" file="store_server/internal/controller/passport.(*controller).savePassport()"
time="2022-01-13T14:44:42+03:00" level=info msg="return statusOk" func="passport.go:61" file="store_server/internal/controller/passport.(*controller).savePassport()"
time="2022-01-13T15:01:09+03:00" level=info msg="Application was started" func="main.go:21" file="main.main()"
time="2022-01-13T15:01:20+03:00" level=info msg="get request to save passport" func="passport.go:45" file="store_server/internal/controller/passport.(*controller).savePassport()"
time="2022-01-13T15:01:20+03:00" level=info msg="return statusOk" func="passport.go:61" file="store_server/internal/controller/passport.(*controller).savePassport()"
time="2022-01-13T15:01:32+03:00" level=info msg="get request to save passport" func="passport.go:45" file="store_server/internal/controller/passport.(*controller).savePassport()"
time="2022-01-13T15:01:33+03:00" level=info msg="return statusOk" func="passport.go:61" file="store_server/internal/controller/passport.(*controller).savePassport()"
time="2022-01-13T15:37:02+03:00" level=info msg="get request to load passport with id: 8" func="passport.go:66" file="store_server/internal/controller/passport.(*controller).loadPassport()"
time="2022-01-13T15:37:02+03:00" level=info msg="return status 200" func="passport.go:76" file="store_server/internal/controller/passport.(*controller).loadPassport()"
time="2022-01-13T15:39:39+03:00" level=info msg="request to get tower of passport; passportId: 8, towerId:TF416120" func="passport.go:99" file="store_server/internal/controller/passport.(*controller).getPassportTowerById()"
time="2022-01-13T15:40:30+03:00" level=info msg="Application was started" func="main.go:21" file="main.main()"
time="2022-01-13T15:41:10+03:00" level=info msg="get request to save passport" func="passport.go:45" file="store_server/internal/controller/passport.(*controller).savePassport()"
time="2022-01-13T15:41:10+03:00" level=info msg="return statusOk" func="passport.go:61" file="store_server/internal/controller/passport.(*controller).savePassport()"
time="2022-01-13T15:45:06+03:00" level=info msg="get request to load passport with id: 8" func="passport.go:66" file="store_server/internal/controller/passport.(*controller).loadPassport()"
time="2022-01-13T15:45:14+03:00" level=info msg="return status 200" func="passport.go:76" file="store_server/internal/controller/passport.(*controller).loadPassport()"
time="2022-01-13T15:49:04+03:00" level=info msg="Application was started" func="main.go:21" file="main.main()"
time="2022-01-13T15:49:16+03:00" level=info msg="get request to load passport with id: 8" func="passport.go:66" file="store_server/internal/controller/passport.(*controller).loadPassport()"
time="2022-01-13T15:49:16+03:00" level=info msg="return status 200" func="passport.go:76" file="store_server/internal/controller/passport.(*controller).loadPassport()"
time="2022-01-13T15:49:31+03:00" level=info msg="request to get tower of passport; passportId: 8, towerId:TF416120" func="passport.go:99" file="store_server/internal/controller/passport.(*controller).getPassportTowerById()"
time="2022-01-14T10:19:42+03:00" level=info msg="Application was started" func="main.go:21" file="main.main()"
time="2022-01-14T10:20:27+03:00" level=info msg="get request to save passport" func="passport.go:45" file="store_server/internal/controller/passport.(*controller).savePassport()"
time="2022-01-14T10:20:27+03:00" level=info msg="return statusOk" func="passport.go:61" file="store_server/internal/controller/passport.(*controller).savePassport()"
time="2022-01-14T10:20:54+03:00" level=info msg="get request to load passport with id: 8" func="passport.go:66" file="store_server/internal/controller/passport.(*controller).loadPassport()"
time="2022-01-14T10:20:54+03:00" level=info msg="return status 200" func="passport.go:76" file="store_server/internal/controller/passport.(*controller).loadPassport()"
time="2022-01-14T10:21:09+03:00" level=info msg="request to get tower of passport; passportId: 8, towerId:TF416120" func="passport.go:99" file="store_server/internal/controller/passport.(*controller).getPassportTowerById()"
time="2022-01-14T10:21:09+03:00" level=info msg="return status 200" func="passport.go:109" file="store_server/internal/controller/passport.(*controller).getPassportTowerById()"
time="2022-01-14T15:01:31+03:00" level=info msg="Application was started" func="main.go:21" file="main.main()"
time="2022-01-14T15:01:42+03:00" level=info msg="get request to save passport" func="passport.go:45" file="store_server/internal/controller/passport.(*controller).savePassport()"
time="2022-01-14T15:01:42+03:00" level=info msg="return statusOk" func="passport.go:61" file="store_server/internal/controller/passport.(*controller).savePassport()"
time="2022-01-14T15:01:50+03:00" level=info msg="get request to load passport with id: 8" func="passport.go:66" file="store_server/internal/controller/passport.(*controller).loadPassport()"
time="2022-01-14T15:01:50+03:00" level=info msg="return status 200" func="passport.go:76" file="store_server/internal/controller/passport.(*controller).loadPassport()"
time="2022-01-14T15:05:18+03:00" level=info msg="get request to save passport" func="passport.go:45" file="store_server/internal/controller/passport.(*controller).savePassport()"
time="2022-01-14T15:05:18+03:00" level=info msg="return statusOk" func="passport.go:61" file="store_server/internal/controller/passport.(*controller).savePassport()"
time="2022-01-14T15:05:27+03:00" level=info msg="get request to load passport with id: 12" func="passport.go:66" file="store_server/internal/controller/passport.(*controller).loadPassport()"
time="2022-01-14T15:05:27+03:00" level=info msg="return status 200" func="passport.go:76" file="store_server/internal/controller/passport.(*controller).loadPassport()"
time="2022-01-14T15:12:45+03:00" level=info msg="Application was started" func="main.go:21" file="main.main()"
time="2022-01-14T15:12:58+03:00" level=info msg="get request to save passport" func="passport.go:45" file="store_server/internal/controller/passport.(*controller).savePassport()"
time="2022-01-14T15:12:58+03:00" level=info msg="return statusOk" func="passport.go:61" file="store_server/internal/controller/passport.(*controller).savePassport()"
time="2022-01-14T15:13:21+03:00" level=info msg="get request to save passport" func="passport.go:45" file="store_server/internal/controller/passport.(*controller).savePassport()"
time="2022-01-14T15:13:21+03:00" level=info msg="return statusOk" func="passport.go:61" file="store_server/internal/controller/passport.(*controller).savePassport()"
time="2022-01-14T15:13:27+03:00" level=info msg="get request to load passport with id: 1" func="passport.go:66" file="store_server/internal/controller/passport.(*controller).loadPassport()"
time="2022-01-14T15:13:27+03:00" level=info msg="return status 200" func="passport.go:76" file="store_server/internal/controller/passport.(*controller).loadPassport()"
time="2022-01-14T15:13:46+03:00" level=info msg="get request to load passport with id: 2" func="passport.go:66" file="store_server/internal/controller/passport.(*controller).loadPassport()"
time="2022-01-14T15:13:46+03:00" level=info msg="return status 200" func="passport.go:76" file="store_server/internal/controller/passport.(*controller).loadPassport()"
time="2022-01-16T00:45:37+03:00" level=info msg="Application was started" func="main.go:26" file="main.main()"
time="2022-01-16T00:47:14+03:00" level=info msg="Application was started" func="main.go:26" file="main.main()"
time="2022-01-16T00:48:41+03:00" level=info msg="Application was started" func="main.go:26" file="main.main()"
time="2022-01-16T19:01:26+03:00" level=info msg="Application was started" func="main.go:26" file="main.main()"
time="2022-01-16T19:04:27+03:00" level=info msg="Application was started" func="main.go:26" file="main.main()"
time="2022-01-16T19:16:56+03:00" level=info msg="Application was started" func="main.go:26" file="main.main()"
time="2022-01-16T19:17:56+03:00" level=info msg="Application was started" func="main.go:26" file="main.main()"
time="2022-01-16T21:09:32+03:00" level=info msg="Application was started" func="main.go:26" file="main.main()"
time="2022-01-16T21:14:18+03:00" level=info msg="Application was started" func="main.go:26" file="main.main()"
time="2022-01-16T21:18:33+03:00" level=info msg="Application was started" func="main.go:26" file="main.main()"
time="2022-01-16T22:48:15+03:00" level=info msg="Application was started" func="main.go:26" file="main.main()"
time="2022-01-17T10:32:29+03:00" level=info msg="Application was started" func="main.go:26" file="main.main()"
time="2022-01-21T12:18:45+03:00" level=info msg="Application was started" func="main.go:26" file="main.main()"
time="2022-01-21T12:18:45+03:00" level=info msg="MONGO_URL: mongodb://localhost:27017" func="app.go:28" file="store_server/internal/app.Run()"
time="2022-01-21T12:27:36+03:00" level=info msg="server is interrupted: interrupt" func="app.go:54" file="store_server/internal/app.Run()"
time="2022-01-21T12:27:57+03:00" level=info msg="Application was started" func="main.go:26" file="main.main()"
time="2022-01-21T12:27:57+03:00" level=info msg="MONGO_URL: mongodb://localhost:27017" func="app.go:28" file="store_server/internal/app.Run()"
time="2022-01-21T12:30:22+03:00" level=info msg="server is interrupted: interrupt" func="app.go:54" file="store_server/internal/app.Run()"
time="2022-01-21T12:31:09+03:00" level=info msg="Application was started" func="main.go:26" file="main.main()"
time="2022-01-21T12:31:09+03:00" level=info msg="MONGO_URL: mongodb://localhost:27017" func="app.go:28" file="store_server/internal/app.Run()"
time="2022-01-21T12:32:01+03:00" level=info msg="server is interrupted: interrupt" func="app.go:54" file="store_server/internal/app.Run()"
time="2022-01-21T12:32:53+03:00" level=info msg="Application was started" func="main.go:26" file="main.main()"
time="2022-01-21T12:32:53+03:00" level=info msg="MONGO_URL: mongodb://localhost:27017" func="app.go:28" file="store_server/internal/app.Run()"
time="2022-01-21T13:28:22+03:00" level=info msg="server is interrupted: interrupt" func="app.go:54" file="store_server/internal/app.Run()"
time="2022-01-21T13:30:31+03:00" level=info msg="Application was started" func="main.go:26" file="main.main()"
time="2022-01-21T13:30:31+03:00" level=info msg="MONGO_URL: mongodb://localhost:27017" func="app.go:28" file="store_server/internal/app.Run()"
time="2022-01-21T13:36:28+03:00" level=info msg="get request to save passport" func="passport.go:64" file="store_server/internal/controller/passport.(*controller).savePassport()"
time="2022-01-21T13:36:28+03:00" level=error msg="Could not parse request: XML syntax error on line 6: invalid character entity &8\xd5U_\xbd (no semicolon)" func="passport.go:87" file="store_server/internal/controller/passport.(*controller).savePassport()"
time="2022-01-21T13:37:51+03:00" level=info msg="server is interrupted: interrupt" func="app.go:54" file="store_server/internal/app.Run()"
time="2022-01-21T13:37:53+03:00" level=info msg="Application was started" func="main.go:26" file="main.main()"
time="2022-01-21T13:37:53+03:00" level=info msg="MONGO_URL: mongodb://localhost:27017" func="app.go:28" file="store_server/internal/app.Run()"
time="2022-01-21T13:37:57+03:00" level=info msg="get request to save passport" func="passport.go:64" file="store_server/internal/controller/passport.(*controller).savePassport()"
time="2022-01-21T13:40:51+03:00" level=info msg="server is interrupted: interrupt" func="app.go:54" file="store_server/internal/app.Run()"
time="2022-01-21T13:40:52+03:00" level=info msg="Application was started" func="main.go:26" file="main.main()"
time="2022-01-21T13:40:52+03:00" level=info msg="MONGO_URL: mongodb://localhost:27017" func="app.go:28" file="store_server/internal/app.Run()"
time="2022-01-21T13:40:56+03:00" level=info msg="get request to save passport" func="passport.go:64" file="store_server/internal/controller/passport.(*controller).savePassport()"
time="2022-01-21T13:49:57+03:00" level=info msg="server is interrupted: interrupt" func="app.go:54" file="store_server/internal/app.Run()"
time="2022-01-21T13:49:58+03:00" level=info msg="Application was started" func="main.go:26" file="main.main()"
time="2022-01-21T13:49:58+03:00" level=info msg="MONGO_URL: mongodb://localhost:27017" func="app.go:28" file="store_server/internal/app.Run()"
time="2022-01-21T13:50:03+03:00" level=info msg="get request to save passport" func="passport.go:61" file="store_server/internal/controller/passport.(*controller).savePassport()"
time="2022-01-21T13:50:03+03:00" level=error msg="Could not parse request: EOF" func="passport.go:84" file="store_server/internal/controller/passport.(*controller).savePassport()"
time="2022-01-21T13:51:29+03:00" level=info msg="server is interrupted: interrupt" func="app.go:54" file="store_server/internal/app.Run()"
time="2022-01-21T13:51:30+03:00" level=info msg="Application was started" func="main.go:26" file="main.main()"
time="2022-01-21T13:51:30+03:00" level=info msg="MONGO_URL: mongodb://localhost:27017" func="app.go:28" file="store_server/internal/app.Run()"
time="2022-01-21T13:51:34+03:00" level=info msg="get request to save passport" func="passport.go:61" file="store_server/internal/controller/passport.(*controller).savePassport()"
time="2022-01-21T13:51:34+03:00" level=error msg="Could not parse request: EOF" func="passport.go:84" file="store_server/internal/controller/passport.(*controller).savePassport()"
time="2022-01-21T13:52:02+03:00" level=info msg="server is interrupted: interrupt" func="app.go:54" file="store_server/internal/app.Run()"
time="2022-01-21T14:03:41+03:00" level=info msg="Application was started" func="main.go:26" file="main.main()"
time="2022-01-21T14:03:41+03:00" level=info msg="MONGO_URL: mongodb://localhost:27017" func="app.go:28" file="store_server/internal/app.Run()"
time="2022-01-21T14:04:45+03:00" level=info msg="get request to save passport" func="passport.go:62" file="store_server/internal/controller/passport.(*controller).savePassport()"
time="2022-01-21T14:05:53+03:00" level=info msg="server is interrupted: interrupt" func="app.go:54" file="store_server/internal/app.Run()"
time="2022-01-21T14:05:54+03:00" level=info msg="Application was started" func="main.go:26" file="main.main()"
time="2022-01-21T14:05:54+03:00" level=info msg="MONGO_URL: mongodb://localhost:27017" func="app.go:28" file="store_server/internal/app.Run()"
time="2022-01-21T14:05:57+03:00" level=info msg="get request to save passport" func="passport.go:62" file="store_server/internal/controller/passport.(*controller).savePassport()"
time="2022-01-21T14:05:57+03:00" level=error msg="Could not parse request: EOF" func="passport.go:88" file="store_server/internal/controller/passport.(*controller).savePassport()"
time="2022-01-21T14:14:09+03:00" level=info msg="server is interrupted: interrupt" func="app.go:54" file="store_server/internal/app.Run()"
time="2022-01-21T14:14:10+03:00" level=info msg="Application was started" func="main.go:26" file="main.main()"
time="2022-01-21T14:14:10+03:00" level=info msg="MONGO_URL: mongodb://localhost:27017" func="app.go:28" file="store_server/internal/app.Run()"
time="2022-01-21T14:14:12+03:00" level=info msg="get request to save passport" func="passport.go:62" file="store_server/internal/controller/passport.(*controller).savePassport()"
time="2022-01-21T14:14:12+03:00" level=error msg="Could not parse request: EOF" func="passport.go:90" file="store_server/internal/controller/passport.(*controller).savePassport()"
time="2022-01-21T14:53:30+03:00" level=info msg="server is interrupted: interrupt" func="app.go:54" file="store_server/internal/app.Run()"
time="2022-01-21T14:53:31+03:00" level=info msg="Application was started" func="main.go:26" file="main.main()"
time="2022-01-21T14:53:31+03:00" level=info msg="MONGO_URL: mongodb://localhost:27017" func="app.go:28" file="store_server/internal/app.Run()"
time="2022-01-21T14:53:41+03:00" level=info msg="get request to save passport" func="passport.go:63" file="store_server/internal/controller/passport.(*controller).savePassport()"
time="2022-01-21T14:54:05+03:00" level=info msg="server is interrupted: interrupt" func="app.go:54" file="store_server/internal/app.Run()"
time="2022-01-21T14:54:06+03:00" level=info msg="Application was started" func="main.go:26" file="main.main()"
time="2022-01-21T14:54:06+03:00" level=info msg="MONGO_URL: mongodb://localhost:27017" func="app.go:28" file="store_server/internal/app.Run()"
time="2022-01-21T14:54:08+03:00" level=info msg="get request to save passport" func="passport.go:63" file="store_server/internal/controller/passport.(*controller).savePassport()"
time="2022-01-21T14:54:26+03:00" level=info msg="server is interrupted: interrupt" func="app.go:54" file="store_server/internal/app.Run()"
time="2022-01-22T00:02:26+03:00" level=info msg="Application was started" func="main.go:26" file="main.main()"
time="2022-01-22T00:02:26+03:00" level=info msg="MONGO_URL: mongodb://localhost:27017" func="app.go:28" file="store_server/internal/app.Run()"
time="2022-01-22T00:04:44+03:00" level=info msg="get request to save passport" func="passport.go:62" file="store_server/internal/controller/passport.(*controller).save()"
time="2022-01-22T00:04:44+03:00" level=info msg="return statusOK" func="helper.go:22" file="store_server/internal/controller/passport.(*controller).savePassport()"
time="2022-01-22T00:04:44+03:00" level=info msg="return statusOK" func="helper.go:22" file="store_server/internal/controller/passport.(*controller).savePassport()"
time="2022-01-22T00:04:44+03:00" level=info msg="return statusOK" func="helper.go:22" file="store_server/internal/controller/passport.(*controller).savePassport()"
time="2022-01-22T00:04:44+03:00" level=info msg="return statusOK" func="helper.go:22" file="store_server/internal/controller/passport.(*controller).savePassport()"
time="2022-01-22T00:04:44+03:00" level=info msg="return statusOK" func="helper.go:22" file="store_server/internal/controller/passport.(*controller).savePassport()"
time="2022-01-22T00:04:44+03:00" level=info msg="return statusOK" func="helper.go:22" file="store_server/internal/controller/passport.(*controller).savePassport()"
time="2022-01-22T00:04:44+03:00" level=info msg="return statusOK" func="helper.go:22" file="store_server/internal/controller/passport.(*controller).savePassport()"
time="2022-01-22T00:04:44+03:00" level=info msg="return statusOK" func="helper.go:22" file="store_server/internal/controller/passport.(*controller).savePassport()"
time="2022-01-22T00:04:44+03:00" level=info msg="return statusOK" func="helper.go:22" file="store_server/internal/controller/passport.(*controller).savePassport()"
time="2022-01-22T00:04:44+03:00" level=info msg="return statusOK" func="helper.go:22" file="store_server/internal/controller/passport.(*controller).savePassport()"
time="2022-01-22T00:04:44+03:00" level=info msg="return statusOK" func="helper.go:22" file="store_server/internal/controller/passport.(*controller).savePassport()"
time="2022-01-22T00:04:44+03:00" level=info msg="return statusOK" func="helper.go:22" file="store_server/internal/controller/passport.(*controller).savePassport()"
time="2022-01-22T00:04:44+03:00" level=info msg="return statusOK" func="helper.go:22" file="store_server/internal/controller/passport.(*controller).savePassport()"
time="2022-01-22T00:04:44+03:00" level=info msg="return statusOK" func="helper.go:22" file="store_server/internal/controller/passport.(*controller).savePassport()"
time="2022-01-22T00:04:44+03:00" level=info msg="return statusOK" func="helper.go:22" file="store_server/internal/controller/passport.(*controller).savePassport()"
time="2022-01-22T00:04:44+03:00" level=info msg="return statusOK" func="helper.go:22" file="store_server/internal/controller/passport.(*controller).savePassport()"
time="2022-01-22T00:04:44+03:00" level=info msg="return statusOK" func="helper.go:22" file="store_server/internal/controller/passport.(*controller).savePassport()"
time="2022-01-22T00:04:44+03:00" level=info msg="return statusOK" func="helper.go:22" file="store_server/internal/controller/passport.(*controller).savePassport()"
time="2022-01-22T00:04:44+03:00" level=info msg="return statusOK" func="helper.go:22" file="store_server/internal/controller/passport.(*controller).savePassport()"
time="2022-01-22T00:04:44+03:00" level=info msg="return statusOK" func="helper.go:22" file="store_server/internal/controller/passport.(*controller).savePassport()"
time="2022-01-22T00:04:44+03:00" level=info msg="return statusOK" func="helper.go:22" file="store_server/internal/controller/passport.(*controller).savePassport()"
time="2022-01-22T00:04:44+03:00" level=info msg="return statusOK" func="helper.go:22" file="store_server/internal/controller/passport.(*controller).savePassport()"
time="2022-01-22T00:04:44+03:00" level=info msg="return statusOK" func="helper.go:22" file="store_server/internal/controller/passport.(*controller).savePassport()"
time="2022-01-22T00:04:44+03:00" level=info msg="return statusOK" func="helper.go:22" file="store_server/internal/controller/passport.(*controller).savePassport()"
time="2022-01-22T00:04:44+03:00" level=info msg="return statusOK" func="helper.go:22" file="store_server/internal/controller/passport.(*controller).savePassport()"
time="2022-01-22T00:04:44+03:00" level=info msg="return statusOK" func="helper.go:22" file="store_server/internal/controller/passport.(*controller).savePassport()"
time="2022-01-22T00:04:44+03:00" level=info msg="return statusOK" func="helper.go:22" file="store_server/internal/controller/passport.(*controller).savePassport()"
time="2022-01-22T00:04:44+03:00" level=info msg="return statusOK" func="helper.go:22" file="store_server/internal/controller/passport.(*controller).savePassport()"
time="2022-01-22T00:04:44+03:00" level=info msg="return statusOK" func="helper.go:22" file="store_server/internal/controller/passport.(*controller).savePassport()"
time="2022-01-22T00:04:44+03:00" level=info msg="return statusOK" func="helper.go:22" file="store_server/internal/controller/passport.(*controller).savePassport()"
time="2022-01-22T00:04:44+03:00" level=info msg="return statusOK" func="helper.go:22" file="store_server/internal/controller/passport.(*controller).savePassport()"
time="2022-01-22T00:04:44+03:00" level=info msg="return statusOK" func="helper.go:22" file="store_server/internal/controller/passport.(*controller).savePassport()"
time="2022-01-22T00:04:44+03:00" level=info msg="return statusOK" func="helper.go:22" file="store_server/internal/controller/passport.(*controller).savePassport()"
time="2022-01-22T00:04:44+03:00" level=info msg="return statusOK" func="helper.go:22" file="store_server/internal/controller/passport.(*controller).savePassport()"
time="2022-01-22T00:04:44+03:00" level=info msg="return statusOK" func="helper.go:22" file="store_server/internal/controller/passport.(*controller).savePassport()"
time="2022-01-22T00:04:44+03:00" level=info msg="return statusOK" func="helper.go:22" file="store_server/internal/controller/passport.(*controller).savePassport()"
time="2022-01-22T00:04:44+03:00" level=info msg="return statusOK" func="helper.go:22" file="store_server/internal/controller/passport.(*controller).savePassport()"
time="2022-01-22T00:04:44+03:00" level=info msg="return statusOK" func="helper.go:22" file="store_server/internal/controller/passport.(*controller).savePassport()"
time="2022-01-22T00:04:44+03:00" level=info msg="return statusOK" func="helper.go:22" file="store_server/internal/controller/passport.(*controller).savePassport()"
time="2022-01-22T00:04:45+03:00" level=info msg="return statusOK" func="helper.go:22" file="store_server/internal/controller/passport.(*controller).savePassport()"
time="2022-01-22T00:04:45+03:00" level=info msg="return statusOK" func="helper.go:22" file="store_server/internal/controller/passport.(*controller).savePassport()"
time="2022-01-22T00:05:39+03:00" level=info msg="server is interrupted: interrupt" func="app.go:54" file="store_server/internal/app.Run()"
time="2022-01-22T00:11:55+03:00" level=info msg="Application was started" func="main.go:26" file="main.main()"
time="2022-01-22T00:11:55+03:00" level=info msg="MONGO_URL: mongodb://localhost:27017" func="app.go:28" file="store_server/internal/app.Run()"
time="2022-01-22T00:12:01+03:00" level=info msg="get request to save passport" func="passport.go:62" file="store_server/internal/controller/passport.(*controller).save()"
time="2022-01-22T00:13:54+03:00" level=info msg="get request to load passport with id: 0209020M.002" func="passport.go:108" file="store_server/internal/controller/passport.(*controller).loadPassport()"
time="2022-01-22T00:13:54+03:00" level=info msg="return status 200" func="passport.go:118" file="store_server/internal/controller/passport.(*controller).loadPassport()"
time="2022-01-22T00:14:23+03:00" level=info msg="server is interrupted: interrupt" func="app.go:54" file="store_server/internal/app.Run()"
time="2022-01-22T00:22:16+03:00" level=info msg="Application was started" func="main.go:26" file="main.main()"
time="2022-01-22T00:22:16+03:00" level=info msg="MONGO_URL: mongodb://localhost:27017" func="app.go:28" file="store_server/internal/app.Run()"
time="2022-01-22T00:22:26+03:00" level=info msg="get request to save passport" func="passport.go:62" file="store_server/internal/controller/passport.(*controller).save()"
time="2022-01-22T00:23:31+03:00" level=info msg="server is interrupted: interrupt" func="app.go:54" file="store_server/internal/app.Run()"
